<?xml version="1.0" encoding="UTF-8"?>
<!-- Generated by org.testng.reporters.JUnitReportReporter -->
<testsuite hostname="DESKTOP-NVTJAOQ" failures="0" tests="3" name="test1.D9E2" time="172.394" errors="0" timestamp="2023-05-02T11:36:22 IST" skipped="0">
  <testcase classname="test1.D9E2" name="tc_1" time="49.001"/>
  <system-out/>
  <testcase classname="test1.D9E2" name="tc_2" time="59.582"/>
  <system-out/>
  <testcase classname="test1.D9E2" name="tc_3" time="63.811"/>
  <system-out/>
</testsuite> <!-- test1.D9E2 -->
