<?xml version="1.0" encoding="UTF-8"?>
<!-- Generated by org.testng.reporters.JUnitReportReporter -->
<testsuite hostname="DESKTOP-NVTJAOQ" failures="0" tests="1" name="test1.NewTest2" time="42.457" errors="0" timestamp="2023-04-27T12:41:55 IST" skipped="0">
  <testcase classname="test1.NewTest2" name="Test" time="42.457"/>
  <system-out/>
</testsuite> <!-- test1.NewTest2 -->
