<?xml version="1.0" encoding="UTF-8"?>
<!-- Generated by org.testng.reporters.JUnitReportReporter -->
<testsuite hostname="DESKTOP-NVTJAOQ" failures="0" tests="1" name="test1.D9E4" time="83.248" errors="0" timestamp="2023-05-03T12:41:32 IST" skipped="0">
  <testcase classname="test1.D9E4" name="tc_2" time="83.248"/>
  <system-out/>
</testsuite> <!-- test1.D9E4 -->
