<?xml version="1.0" encoding="UTF-8"?>
<!-- Generated by org.testng.reporters.JUnitReportReporter -->
<testsuite hostname="DESKTOP-NVTJAOQ" failures="0" tests="4" name="test1.NewTest1" time="0.063" errors="0" timestamp="2023-04-27T11:56:36 IST" skipped="0">
  <testcase classname="test1.NewTest1" name="add" time="0.043"/>
  <system-out/>
  <testcase classname="test1.NewTest1" name="sub" time="0.008"/>
  <system-out/>
  <testcase classname="test1.NewTest1" name="mul" time="0.009"/>
  <system-out/>
  <testcase classname="test1.NewTest1" name="div" time="0.003"/>
  <system-out/>
</testsuite> <!-- test1.NewTest1 -->
